2025-12-28 05:22:49,231 INFO Lade Indikatoren aus scripts/indicators.json
2025-12-28 05:22:49,231 INFO Indikatoren: ['FI.RES.TOTL.MO', 'NE.IMP.GNFS.CD', 'DT.DOD.DECT.CD', 'NY.GDP.MKTP.CD', 'FP.CPI.TOTL.ZG', 'NE.EXP.GNFS.CD', 'BX.KLT.DINV.CD.WD', 'GC.XPN.TOTL.GD.ZS']
2025-12-28 05:22:49,232 INFO Processing DE
2025-12-28 05:22:49,560 INFO Got DE FI.RES.TOTL.MO -> 2.19888604346397 (year 2024)
2025-12-28 05:22:50,086 INFO Got DE NE.IMP.GNFS.CD -> 1764438191610.94 (year 2024)
2025-12-28 05:22:50,856 INFO WB liefert keine Werte für DE DT.DOD.DECT.CD
2025-12-28 05:22:51,118 INFO Got DE NY.GDP.MKTP.CD -> 4685592577804.69 (year 2024)
2025-12-28 05:22:51,344 INFO Got DE FP.CPI.TOTL.ZG -> 2.2564981433876 (year 2024)
2025-12-28 05:22:51,959 INFO Got DE NE.EXP.GNFS.CD -> 1941431210621.87 (year 2024)
2025-12-28 05:22:52,375 INFO Got DE BX.KLT.DINV.CD.WD -> 47599143488.7827 (year 2024)
2025-12-28 05:22:53,147 INFO Got DE GC.XPN.TOTL.GD.ZS -> 31.174891399437 (year 2022)
2025-12-28 05:22:53,147 INFO Wrote presets/preset_DE.json
2025-12-28 05:22:53,148 INFO Processing CN
2025-12-28 05:22:53,148 DEBUG Verwende Validierungs-Cache für FI.RES.TOTL.MO (age 3s)
2025-12-28 05:22:53,257 INFO Got CN FI.RES.TOTL.MO -> 11.2291372513816 (year 2024)
2025-12-28 05:22:53,257 DEBUG Verwende Validierungs-Cache für NE.IMP.GNFS.CD (age 3s)
2025-12-28 05:22:53,633 INFO Got CN NE.IMP.GNFS.CD -> 3219342570126.17 (year 2024)
2025-12-28 05:22:53,633 DEBUG Verwende Validierungs-Cache für DT.DOD.DECT.CD (age 3s)
2025-12-28 05:22:54,026 INFO Got CN DT.DOD.DECT.CD -> 2419835436491.8 (year 2024)
2025-12-28 05:22:54,026 DEBUG Verwende Validierungs-Cache für NY.GDP.MKTP.CD (age 3s)
2025-12-28 05:22:54,128 INFO Got CN NY.GDP.MKTP.CD -> 18743803170827.2 (year 2024)
2025-12-28 05:22:54,129 DEBUG Verwende Validierungs-Cache für FP.CPI.TOTL.ZG (age 3s)
2025-12-28 05:22:54,265 INFO Got CN FP.CPI.TOTL.ZG -> 0.218128938439177 (year 2024)
2025-12-28 05:22:54,265 DEBUG Verwende Validierungs-Cache für NE.EXP.GNFS.CD (age 2s)
2025-12-28 05:22:54,824 INFO Got CN NE.EXP.GNFS.CD -> 3753056083349.04 (year 2024)
2025-12-28 05:22:54,824 DEBUG Verwende Validierungs-Cache für BX.KLT.DINV.CD.WD (age 2s)
2025-12-28 05:22:55,217 INFO Got CN BX.KLT.DINV.CD.WD -> 18556141172.84 (year 2024)
2025-12-28 05:22:55,217 DEBUG Verwende Validierungs-Cache für GC.XPN.TOTL.GD.ZS (age 2s)
2025-12-28 05:22:55,558 INFO WB liefert keine Werte für CN GC.XPN.TOTL.GD.ZS
2025-12-28 05:22:55,559 INFO Wrote presets/preset_CN.json
2025-12-28 05:22:55,559 INFO Processing US
2025-12-28 05:22:55,559 DEBUG Verwende Validierungs-Cache für FI.RES.TOTL.MO (age 6s)
2025-12-28 05:22:55,862 INFO Got US FI.RES.TOTL.MO -> 1.94032058064747 (year 2024)
2025-12-28 05:22:55,863 DEBUG Verwende Validierungs-Cache für NE.IMP.GNFS.CD (age 6s)
2025-12-28 05:22:56,198 INFO Got US NE.IMP.GNFS.CD -> 4103100000000 (year 2024)
2025-12-28 05:22:56,198 DEBUG Verwende Validierungs-Cache für DT.DOD.DECT.CD (age 6s)
2025-12-28 05:22:56,308 INFO WB liefert keine Werte für US DT.DOD.DECT.CD
2025-12-28 05:22:56,309 DEBUG Verwende Validierungs-Cache für NY.GDP.MKTP.CD (age 5s)
2025-12-28 05:22:56,422 INFO Got US NY.GDP.MKTP.CD -> 28750956130731.2 (year 2024)
2025-12-28 05:22:56,422 DEBUG Verwende Validierungs-Cache für FP.CPI.TOTL.ZG (age 5s)
2025-12-28 05:22:56,543 INFO Got US FP.CPI.TOTL.ZG -> 2.94952520485207 (year 2024)
2025-12-28 05:22:56,543 DEBUG Verwende Validierungs-Cache für NE.EXP.GNFS.CD (age 5s)
2025-12-28 05:22:56,661 INFO Got US NE.EXP.GNFS.CD -> 3193500000000 (year 2024)
2025-12-28 05:22:56,661 DEBUG Verwende Validierungs-Cache für BX.KLT.DINV.CD.WD (age 4s)
2025-12-28 05:22:57,143 INFO Got US BX.KLT.DINV.CD.WD -> 297058000000 (year 2024)
2025-12-28 05:22:57,143 DEBUG Verwende Validierungs-Cache für GC.XPN.TOTL.GD.ZS (age 4s)
2025-12-28 05:22:57,466 INFO Got US GC.XPN.TOTL.GD.ZS -> 24.8982825568771 (year 2023)
2025-12-28 05:22:57,466 INFO Wrote presets/preset_US.json
2025-12-28 05:22:57,467 INFO Processing IR
2025-12-28 05:22:57,467 DEBUG Verwende Validierungs-Cache für FI.RES.TOTL.MO (age 8s)
2025-12-28 05:22:57,634 INFO Got IR FI.RES.TOTL.MO -> 5.82231546015728 (year 1982)
2025-12-28 05:22:57,635 DEBUG Verwende Validierungs-Cache für NE.IMP.GNFS.CD (age 8s)
2025-12-28 05:22:57,922 INFO Got IR NE.IMP.GNFS.CD -> 135497500555.676 (year 2024)
2025-12-28 05:22:57,922 DEBUG Verwende Validierungs-Cache für DT.DOD.DECT.CD (age 7s)
2025-12-28 05:22:58,214 INFO Got IR DT.DOD.DECT.CD -> 9654298895.5 (year 2024)
2025-12-28 05:22:58,215 DEBUG Verwende Validierungs-Cache für NY.GDP.MKTP.CD (age 7s)
2025-12-28 05:22:58,353 INFO Got IR NY.GDP.MKTP.CD -> 475252089215.416 (year 2024)
2025-12-28 05:22:58,354 DEBUG Verwende Validierungs-Cache für FP.CPI.TOTL.ZG (age 7s)
2025-12-28 05:22:59,085 INFO Got IR FP.CPI.TOTL.ZG -> 32.455871402917 (year 2024)
2025-12-28 05:22:59,085 DEBUG Verwende Validierungs-Cache für NE.EXP.GNFS.CD (age 7s)
2025-12-28 05:22:59,405 INFO Got IR NE.EXP.GNFS.CD -> 111928863188.398 (year 2024)
2025-12-28 05:22:59,406 DEBUG Verwende Validierungs-Cache für BX.KLT.DINV.CD.WD (age 7s)
2025-12-28 05:22:59,545 INFO Got IR BX.KLT.DINV.CD.WD -> 1449111110 (year 2024)
2025-12-28 05:22:59,546 DEBUG Verwende Validierungs-Cache für GC.XPN.TOTL.GD.ZS (age 7s)
2025-12-28 05:22:59,789 INFO Got IR GC.XPN.TOTL.GD.ZS -> 19.6373860775885 (year 2009)
2025-12-28 05:22:59,790 INFO Wrote presets/preset_IR.json
2025-12-28 05:22:59,790 INFO Processing BR
2025-12-28 05:22:59,790 DEBUG Verwende Validierungs-Cache für FI.RES.TOTL.MO (age 10s)
2025-12-28 05:23:00,119 INFO Got BR FI.RES.TOTL.MO -> 7.95558614184571 (year 2024)
2025-12-28 05:23:00,119 DEBUG Verwende Validierungs-Cache für NE.IMP.GNFS.CD (age 10s)
2025-12-28 05:23:00,606 INFO Got BR NE.IMP.GNFS.CD -> 385708875013.773 (year 2024)
2025-12-28 05:23:00,607 DEBUG Verwende Validierungs-Cache für DT.DOD.DECT.CD (age 10s)
2025-12-28 05:23:00,720 INFO Got BR DT.DOD.DECT.CD -> 605463780812.8 (year 2024)
2025-12-28 05:23:00,721 DEBUG Verwende Validierungs-Cache für NY.GDP.MKTP.CD (age 9s)
2025-12-28 05:23:01,211 INFO Got BR NY.GDP.MKTP.CD -> 2185821648943.86 (year 2024)
2025-12-28 05:23:01,211 DEBUG Verwende Validierungs-Cache für FP.CPI.TOTL.ZG (age 10s)
2025-12-28 05:23:01,523 INFO Got BR FP.CPI.TOTL.ZG -> 4.36746407652337 (year 2024)
2025-12-28 05:23:01,524 DEBUG Verwende Validierungs-Cache für NE.EXP.GNFS.CD (age 10s)
2025-12-28 05:23:01,876 INFO Got BR NE.EXP.GNFS.CD -> 392105352908.42 (year 2024)
2025-12-28 05:23:01,877 DEBUG Verwende Validierungs-Cache für BX.KLT.DINV.CD.WD (age 9s)
2025-12-28 05:23:02,176 INFO Got BR BX.KLT.DINV.CD.WD -> 74090786050.19 (year 2024)
2025-12-28 05:23:02,176 DEBUG Verwende Validierungs-Cache für GC.XPN.TOTL.GD.ZS (age 9s)
2025-12-28 05:23:02,679 INFO Got BR GC.XPN.TOTL.GD.ZS -> 32.4311004876146 (year 2023)
2025-12-28 05:23:02,679 INFO Wrote presets/preset_BR.json
2025-12-28 05:23:02,680 INFO Processing IN
2025-12-28 05:23:02,680 DEBUG Verwende Validierungs-Cache für FI.RES.TOTL.MO (age 13s)
2025-12-28 05:23:03,120 INFO Got IN FI.RES.TOTL.MO -> 7.52133810617043 (year 2024)
2025-12-28 05:23:03,120 DEBUG Verwende Validierungs-Cache für NE.IMP.GNFS.CD (age 13s)
2025-12-28 05:23:03,427 INFO Got IN NE.IMP.GNFS.CD -> 918333719557.771 (year 2024)
2025-12-28 05:23:03,427 DEBUG Verwende Validierungs-Cache für DT.DOD.DECT.CD (age 13s)
2025-12-28 05:23:03,731 INFO Got IN DT.DOD.DECT.CD -> 716456023890.4 (year 2024)
2025-12-28 05:23:03,732 DEBUG Verwende Validierungs-Cache für NY.GDP.MKTP.CD (age 12s)
2025-12-28 05:23:03,849 INFO Got IN NY.GDP.MKTP.CD -> 3909891533858.08 (year 2024)
2025-12-28 05:23:03,849 DEBUG Verwende Validierungs-Cache für FP.CPI.TOTL.ZG (age 12s)
2025-12-28 05:23:03,963 INFO Got IN FP.CPI.TOTL.ZG -> 4.95303550973656 (year 2024)
2025-12-28 05:23:03,964 DEBUG Verwende Validierungs-Cache für NE.EXP.GNFS.CD (age 12s)
2025-12-28 05:23:04,238 INFO Got IN NE.EXP.GNFS.CD -> 827405227198.603 (year 2024)
2025-12-28 05:23:04,239 DEBUG Verwende Validierungs-Cache für BX.KLT.DINV.CD.WD (age 12s)
2025-12-28 05:23:04,757 INFO Got IN BX.KLT.DINV.CD.WD -> 27139853378.1402 (year 2024)
2025-12-28 05:23:04,757 DEBUG Verwende Validierungs-Cache für GC.XPN.TOTL.GD.ZS (age 12s)
2025-12-28 05:23:05,201 INFO Got IN GC.XPN.TOTL.GD.ZS -> 13.3335178491336 (year 2022)
2025-12-28 05:23:05,202 INFO Wrote presets/preset_IN.json
2025-12-28 05:23:05,202 INFO Processing GR
2025-12-28 05:23:05,202 DEBUG Verwende Validierungs-Cache für FI.RES.TOTL.MO (age 15s)
2025-12-28 05:23:05,469 INFO Got GR FI.RES.TOTL.MO -> 1.29465956102193 (year 2024)
2025-12-28 05:23:05,469 DEBUG Verwende Validierungs-Cache für NE.IMP.GNFS.CD (age 15s)
2025-12-28 05:23:05,583 INFO Got GR NE.IMP.GNFS.CD -> 122135634583.353 (year 2024)
2025-12-28 05:23:05,583 DEBUG Verwende Validierungs-Cache für DT.DOD.DECT.CD (age 15s)
2025-12-28 05:23:05,744 INFO WB liefert keine Werte für GR DT.DOD.DECT.CD
2025-12-28 05:23:05,745 DEBUG Verwende Validierungs-Cache für NY.GDP.MKTP.CD (age 14s)
2025-12-28 05:23:06,045 INFO Got GR NY.GDP.MKTP.CD -> 256238371778.118 (year 2024)
2025-12-28 05:23:06,045 DEBUG Verwende Validierungs-Cache für FP.CPI.TOTL.ZG (age 14s)
2025-12-28 05:23:06,168 INFO Got GR FP.CPI.TOTL.ZG -> 2.74149045788606 (year 2024)
2025-12-28 05:23:06,168 DEBUG Verwende Validierungs-Cache für NE.EXP.GNFS.CD (age 14s)
2025-12-28 05:23:06,679 INFO Got GR NE.EXP.GNFS.CD -> 107906278860.86 (year 2024)
2025-12-28 05:23:06,680 DEBUG Verwende Validierungs-Cache für BX.KLT.DINV.CD.WD (age 14s)
2025-12-28 05:23:06,787 INFO Got GR BX.KLT.DINV.CD.WD -> 6742277267.34835 (year 2024)
2025-12-28 05:23:06,788 DEBUG Verwende Validierungs-Cache für GC.XPN.TOTL.GD.ZS (age 14s)
2025-12-28 05:23:06,899 INFO Got GR GC.XPN.TOTL.GD.ZS -> 47.3019610078935 (year 2023)
2025-12-28 05:23:06,900 INFO Wrote presets/preset_GR.json
2025-12-28 05:23:06,900 INFO Processing FR
2025-12-28 05:23:06,900 DEBUG Verwende Validierungs-Cache für FI.RES.TOTL.MO (age 17s)
2025-12-28 05:23:07,296 INFO Got FR FI.RES.TOTL.MO -> 2.38967602333511 (year 2024)
2025-12-28 05:23:07,296 DEBUG Verwende Validierungs-Cache für NE.IMP.GNFS.CD (age 17s)
2025-12-28 05:23:07,435 INFO Got FR NE.IMP.GNFS.CD -> 1081453951068.75 (year 2024)
2025-12-28 05:23:07,435 DEBUG Verwende Validierungs-Cache für DT.DOD.DECT.CD (age 17s)
2025-12-28 05:23:07,754 INFO WB liefert keine Werte für FR DT.DOD.DECT.CD
2025-12-28 05:23:07,754 DEBUG Verwende Validierungs-Cache für NY.GDP.MKTP.CD (age 16s)
2025-12-28 05:23:07,900 INFO Got FR NY.GDP.MKTP.CD -> 3160442622465.08 (year 2024)
2025-12-28 05:23:07,900 DEBUG Verwende Validierungs-Cache für FP.CPI.TOTL.ZG (age 16s)
2025-12-28 05:23:08,017 INFO Got FR FP.CPI.TOTL.ZG -> 1.99904942291463 (year 2024)
2025-12-28 05:23:08,017 DEBUG Verwende Validierungs-Cache für NE.EXP.GNFS.CD (age 16s)
2025-12-28 05:23:08,338 INFO Got FR NE.EXP.GNFS.CD -> 1071066237472.11 (year 2024)
2025-12-28 05:23:08,339 DEBUG Verwende Validierungs-Cache für BX.KLT.DINV.CD.WD (age 16s)
2025-12-28 05:23:08,475 INFO Got FR BX.KLT.DINV.CD.WD -> 52052548617.7634 (year 2024)
2025-12-28 05:23:08,476 DEBUG Verwende Validierungs-Cache für GC.XPN.TOTL.GD.ZS (age 16s)
2025-12-28 05:23:09,029 INFO Got FR GC.XPN.TOTL.GD.ZS -> 47.2580360132692 (year 2023)
2025-12-28 05:23:09,029 INFO Wrote presets/preset_FR.json
2025-12-28 05:23:09,029 INFO Processing GB
2025-12-28 05:23:09,030 DEBUG Verwende Validierungs-Cache für FI.RES.TOTL.MO (age 19s)
2025-12-28 05:23:09,328 INFO Got GB FI.RES.TOTL.MO -> 1.22309285940089 (year 2024)
2025-12-28 05:23:09,328 DEBUG Verwende Validierungs-Cache für NE.IMP.GNFS.CD (age 19s)
2025-12-28 05:23:09,624 INFO Got GB NE.IMP.GNFS.CD -> 1174222748816.76 (year 2024)
2025-12-28 05:23:09,624 DEBUG Verwende Validierungs-Cache für DT.DOD.DECT.CD (age 19s)
2025-12-28 05:23:09,903 INFO WB liefert keine Werte für GB DT.DOD.DECT.CD
2025-12-28 05:23:09,903 DEBUG Verwende Validierungs-Cache für NY.GDP.MKTP.CD (age 19s)
2025-12-28 05:23:10,018 INFO Got GB NY.GDP.MKTP.CD -> 3686033044482.13 (year 2024)
2025-12-28 05:23:10,018 DEBUG Verwende Validierungs-Cache für FP.CPI.TOTL.ZG (age 18s)
2025-12-28 05:23:10,156 INFO Got GB FP.CPI.TOTL.ZG -> 3.2715729463592 (year 2024)
2025-12-28 05:23:10,157 DEBUG Verwende Validierungs-Cache für NE.EXP.GNFS.CD (age 18s)
2025-12-28 05:23:10,713 INFO Got GB NE.EXP.GNFS.CD -> 1142086333403.45 (year 2024)
2025-12-28 05:23:10,713 DEBUG Verwende Validierungs-Cache für BX.KLT.DINV.CD.WD (age 18s)
2025-12-28 05:23:10,865 INFO Got GB BX.KLT.DINV.CD.WD -> -60647281077.0004 (year 2024)
2025-12-28 05:23:10,865 DEBUG Verwende Validierungs-Cache für GC.XPN.TOTL.GD.ZS (age 18s)
2025-12-28 05:23:10,992 INFO Got GB GC.XPN.TOTL.GD.ZS -> 41.2292290721047 (year 2023)
2025-12-28 05:23:10,993 INFO Wrote presets/preset_GB.json
2025-12-28 05:23:10,995 INFO Wrote presets: ['preset_DE', 'preset_CN', 'preset_US', 'preset_IR', 'preset_BR', 'preset_IN', 'preset_GR', 'preset_FR', 'preset_GB']
